<?xml version="1.0" encoding="UTF-8"?>
<!-- Generated by org.testng.reporters.JUnitReportReporter -->
<testsuite skipped="1" hostname="DESKTOP-RE8T31A" name="com.qa.hubspot.tests.ContactsPageTest" tests="2" failures="0" timestamp="2020-07-29T21:59:46 IST" time="1.036" errors="0">
  <testcase name="verifyContactsPageTitle" time="1.036" classname="com.qa.hubspot.tests.ContactsPageTest"/>
  <system-out/>
  <testcase name="verifyCreatedContact" time="0.000" classname="com.qa.hubspot.tests.ContactsPageTest">
    <skipped/>
  </testcase> <!-- verifyCreatedContact -->
  <system-out/>
</testsuite> <!-- com.qa.hubspot.tests.ContactsPageTest -->
