<?xml version="1.0" encoding="UTF-8"?>
<!-- Generated by org.testng.reporters.JUnitReportReporter -->
<testsuite skipped="0" hostname="DESKTOP-RE8T31A" name="TestNGSessions.ExpectedExceptionsDemo" tests="1" failures="0" timestamp="2020-09-18T14:03:51 IST" time="0.184" errors="0">
  <testcase name="test1" time="0.184" classname="TestNGSessions.ExpectedExceptionsDemo"/>
  <system-out/>
</testsuite> <!-- TestNGSessions.ExpectedExceptionsDemo -->
