<?xml version="1.0" encoding="UTF-8"?>
<!-- Generated by org.testng.reporters.JUnitReportReporter -->
<testsuite skipped="0" hostname="DESKTOP-RE8T31A" name="TestNGSessions.SignUpTest" tests="1" failures="0" timestamp="2020-09-07T23:38:03 IST" time="0.008" errors="0">
  <testcase name="validateSignUpFunctionality" time="0.008" classname="TestNGSessions.SignUpTest"/>
  <system-out/>
</testsuite> <!-- TestNGSessions.SignUpTest -->
