<?xml version="1.0" encoding="UTF-8"?>
<!-- Generated by org.testng.reporters.JUnitReportReporter -->
<testsuite skipped="0" hostname="DESKTOP-RE8T31A" name="com.qa.hubspot.tests.HomePageTest" tests="2" failures="0" timestamp="2020-07-31T01:22:37 IST" time="1.075" errors="0">
  <testcase name="verifyHomePageTitle" time="0.023" classname="com.qa.hubspot.tests.HomePageTest"/>
  <system-out/>
  <testcase name="verifyHeaderText" time="1.052" classname="com.qa.hubspot.tests.HomePageTest"/>
  <system-out/>
</testsuite> <!-- com.qa.hubspot.tests.HomePageTest -->
