<?xml version="1.0" encoding="UTF-8"?>
<!-- Generated by org.testng.reporters.JUnitReportReporter -->
<testsuite skipped="0" hostname="DESKTOP-RE8T31A" name="TestNGSessions.LoginTest" tests="1" failures="0" timestamp="2020-09-07T23:50:38 IST" time="3.348" errors="0">
  <testcase name="signUpLinkTest" time="3.348" classname="TestNGSessions.LoginTest"/>
  <system-out/>
</testsuite> <!-- TestNGSessions.LoginTest -->
