<?xml version="1.0" encoding="UTF-8"?>
<!-- Generated by org.testng.reporters.JUnitReportReporter -->
<testsuite skipped="0" hostname="DESKTOP-RE8T31A" name="TestNGSessions.InvocationCountDemo" tests="10" failures="0" timestamp="2020-09-07T23:50:38 IST" time="0.207" errors="0">
  <testcase name="test" time="0.114" classname="TestNGSessions.InvocationCountDemo"/>
  <system-out/>
  <testcase name="test" time="0.025" classname="TestNGSessions.InvocationCountDemo"/>
  <system-out/>
  <testcase name="test" time="0.006" classname="TestNGSessions.InvocationCountDemo"/>
  <system-out/>
  <testcase name="test" time="0.018" classname="TestNGSessions.InvocationCountDemo"/>
  <system-out/>
  <testcase name="test" time="0.014" classname="TestNGSessions.InvocationCountDemo"/>
  <system-out/>
  <testcase name="test" time="0.005" classname="TestNGSessions.InvocationCountDemo"/>
  <system-out/>
  <testcase name="test" time="0.008" classname="TestNGSessions.InvocationCountDemo"/>
  <system-out/>
  <testcase name="test" time="0.008" classname="TestNGSessions.InvocationCountDemo"/>
  <system-out/>
  <testcase name="test" time="0.004" classname="TestNGSessions.InvocationCountDemo"/>
  <system-out/>
  <testcase name="test" time="0.005" classname="TestNGSessions.InvocationCountDemo"/>
  <system-out/>
</testsuite> <!-- TestNGSessions.InvocationCountDemo -->
